Arguments: 
  /opt/homebrew/Cellar/node/19.7.0/bin/node /opt/homebrew/Cellar/yarn/1.22.19/libexec/bin/yarn.js add -D gh-pages

PATH: 
  /Library/Frameworks/Python.framework/Versions/3.10/bin:/Library/Frameworks/Python.framework/Versions/3.9/bin:/opt/homebrew/bin:/opt/homebrew/sbin:/usr/local/bin:/System/Cryptexes/App/usr/bin:/usr/bin:/bin:/usr/sbin:/sbin:/opt/X11/bin:/Library/Apple/usr/bin:/Applications/Postgres.app/Contents/Versions/latest/bin:/Library/Frameworks/Python.framework/Versions/3.10/bin:/Library/Frameworks/Python.framework/Versions/3.9/bin:/opt/homebrew/bin:/opt/homebrew/sbin:/Users/nc/Dev/flutter/bin:/Users/nc/Dev/flutter/bin

Yarn version: 
  1.22.19

Node version: 
  19.7.0

Platform: 
  darwin arm64

Trace: 
  Error: https://registry.yarnpkg.com/@fortawesome%2freact-fontawesome: ETIMEDOUT
      at Timeout._onTimeout (/opt/homebrew/Cellar/yarn/1.22.19/libexec/lib/cli.js:141550:19)
      at listOnTimeout (node:internal/timers:568:17)
      at process.processTimers (node:internal/timers:511:7)

npm manifest: 
  {
    "name": "bot-automation",
    "version": "0.1.0",
    "private": true,
    "dependencies": {
      "@fortawesome/react-fontawesome": "^0.2.0",
      "@testing-library/jest-dom": "^5.16.5",
      "@testing-library/react": "^13.4.0",
      "@testing-library/user-event": "^13.5.0",
      "axios": "^1.4.0",
      "firebase": "^9.23.0",
      "js-cookie": "^3.0.5",
      "js-cookies": "^1.0.4",
      "react": "^18.2.0",
      "react-dom": "^18.2.0",
      "react-router-dom": "^6.11.1",
      "react-scripts": "5.0.1",
      "selenium-webdriver": "^4.9.2",
      "web-vitals": "^2.1.4"
    },
    "scripts": {
      "start": "react-scripts start",
      "build": "react-scripts build",
      "test": "react-scripts test",
      "eject": "react-scripts eject"
    },
    "eslintConfig": {
      "extends": [
        "react-app",
        "react-app/jest"
      ]
    },
    "browserslist": {
      "production": [
        ">0.2%",
        "not dead",
        "not op_mini all"
      ],
      "development": [
        "last 1 chrome version",
        "last 1 firefox version",
        "last 1 safari version"
      ]
    }
  }

yarn manifest: 
  No manifest

Lockfile: 
  No lockfile
